c:\users\kasco\onedrive\documents\c++\tactical turmoil\tactical turmoil\build\cmakefiles\generate.stamp
c:\users\kasco\onedrive\documents\c++\tactical turmoil\tactical turmoil\build\debug\tactical.exe
c:\users\kasco\onedrive\documents\c++\tactical turmoil\tactical turmoil\build\debug\tactical.pdb
c:\users\kasco\onedrive\documents\c++\tactical turmoil\tactical turmoil\build\tactical.dir\debug\.d.json
c:\users\kasco\onedrive\documents\c++\tactical turmoil\tactical turmoil\build\tactical.dir\debug\player.obj
c:\users\kasco\onedrive\documents\c++\tactical turmoil\tactical turmoil\build\tactical.dir\debug\gameboard.obj
c:\users\kasco\onedrive\documents\c++\tactical turmoil\tactical turmoil\build\tactical.dir\debug\functions.obj
c:\users\kasco\onedrive\documents\c++\tactical turmoil\tactical turmoil\build\tactical.dir\debug\main.obj
c:\users\kasco\onedrive\documents\c++\tactical turmoil\tactical turmoil\build\tactical.dir\debug\menufunctions.obj
c:\users\kasco\onedrive\documents\c++\tactical turmoil\tactical turmoil\build\tactical.dir\debug\player.cpp.module.json
c:\users\kasco\onedrive\documents\c++\tactical turmoil\tactical turmoil\build\tactical.dir\debug\main.cpp.module.json
c:\users\kasco\onedrive\documents\c++\tactical turmoil\tactical turmoil\build\tactical.dir\debug\square.cpp.module.json
c:\users\kasco\onedrive\documents\c++\tactical turmoil\tactical turmoil\build\tactical.dir\debug\gameboard.cpp.module.json
c:\users\kasco\onedrive\documents\c++\tactical turmoil\tactical turmoil\build\tactical.dir\debug\functions.cpp.module.json
c:\users\kasco\onedrive\documents\c++\tactical turmoil\tactical turmoil\build\tactical.dir\debug\menufunctions.cpp.module.json
c:\users\kasco\onedrive\documents\c++\tactical turmoil\tactical turmoil\build\tactical.dir\debug\tactical.ilk
c:\users\kasco\onedrive\documents\c++\tactical turmoil\tactical turmoil\build\tactical.dir\debug\vc143.pdb
c:\users\kasco\onedrive\documents\c++\tactical turmoil\tactical turmoil\build\tactical.dir\debug\tactical.tlog\cl.command.1.tlog
c:\users\kasco\onedrive\documents\c++\tactical turmoil\tactical turmoil\build\tactical.dir\debug\tactical.tlog\cl.items.tlog
c:\users\kasco\onedrive\documents\c++\tactical turmoil\tactical turmoil\build\tactical.dir\debug\tactical.tlog\custombuild.command.1.tlog
c:\users\kasco\onedrive\documents\c++\tactical turmoil\tactical turmoil\build\tactical.dir\debug\tactical.tlog\custombuild.read.1.tlog
c:\users\kasco\onedrive\documents\c++\tactical turmoil\tactical turmoil\build\tactical.dir\debug\tactical.tlog\custombuild.write.1.tlog
c:\users\kasco\onedrive\documents\c++\tactical turmoil\tactical turmoil\build\tactical.dir\debug\tactical.tlog\link.command.1.tlog
c:\users\kasco\onedrive\documents\c++\tactical turmoil\tactical turmoil\build\tactical.dir\debug\tactical.tlog\link.read.1.tlog
c:\users\kasco\onedrive\documents\c++\tactical turmoil\tactical turmoil\build\tactical.dir\debug\tactical.tlog\link.secondary.1.tlog
c:\users\kasco\onedrive\documents\c++\tactical turmoil\tactical turmoil\build\tactical.dir\debug\tactical.tlog\link.write.1.tlog
c:\users\kasco\onedrive\documents\c++\tactical turmoil\tactical turmoil\build\tactical.dir\debug\tactical.tlog\microsoft.build.cpptasks.cl.read.1.tlog
c:\users\kasco\onedrive\documents\c++\tactical turmoil\tactical turmoil\build\tactical.dir\debug\tactical.tlog\microsoft.build.cpptasks.cl.write.1.tlog
c:\users\kasco\onedrive\documents\c++\tactical turmoil\tactical turmoil\build\tactical.dir\debug\tactical_md.tlog\cl.command.1.tlog
c:\users\kasco\onedrive\documents\c++\tactical turmoil\tactical turmoil\build\tactical.dir\debug\tactical_md.tlog\microsoft.build.cpptasks.cl.read.1.tlog
c:\users\kasco\onedrive\documents\c++\tactical turmoil\tactical turmoil\build\tactical.dir\debug\tactical_md.tlog\microsoft.build.cpptasks.cl.write.1.tlog
